This is pdfTeX, Version 3.14159265-2.6-1.40.17 (TeX Live 2016/W32TeX) (preloaded format=pdflatex 2017.4.1)  17 MAY 2017 06:36
entering extended mode
 restricted \write18 enabled.
 file:line:error style messages enabled.
 %&-line parsing enabled.
**f:/code/latexTest/Thesis/NUDT/nudtbook.tex
(f:/code/latexTest/Thesis/NUDT/nudtbook.tex
LaTeX2e <2017/01/01> patch level 3
Babel <3.9r> and hyphenation patterns for 83 language(s) loaded.
(./nudtbook.cls
Document Class: nudtbook 2004/11/22 v041101, by Mao Ziyang

! LaTeX Error: File `cctbook.cls' not found.

Type X to quit or <RETURN> to proceed,
or enter new name. (Default extension: cls)

Enter file name: 
./nudtbook.cls:18: Emergency stop.
<read *> 
         
l.18 \fi
        ^^M
*** (cannot \read from terminal in nonstop modes)

 
Here is how much of TeX's memory you used:
 22 strings out of 493013
 404 string characters out of 6136994
 53646 words of memory out of 5000000
 3661 multiletter control sequences out of 15000+600000
 3640 words of font info for 14 fonts, out of 8000000 for 9000
 1141 hyphenation exceptions out of 8191
 16i,0n,17p,122b,9s stack positions out of 5000i,500n,10000p,200000b,80000s
./nudtbook.cls:18:  ==> Fatal error occurred, no output PDF file produced!
